<?xml version="1.0" encoding="UTF-8"?>
<!-- Generated by org.testng.reporters.JUnitReportReporter -->
<testsuite hostname="LAPTOP-OHLH8S6H" name="com.qa.test.GetApiTest" tests="2" failures="0" timestamp="25 Jul 2019 17:19:37 GMT" time="1.277" errors="0">
  <testcase name="getApiTest_withheaders" time="1.128" classname="com.qa.test.GetApiTest"/>
  <testcase name="getApiTest_withoutheaders" time="0.149" classname="com.qa.test.GetApiTest"/>
</testsuite> <!-- com.qa.test.GetApiTest -->
