<?xml version="1.0" encoding="UTF-8"?>
<!-- Generated by org.testng.reporters.JUnitReportReporter -->
<testsuite hostname="LAPTOP-OHLH8S6H" name="com.qa.test.PostApiTest" tests="1" failures="0" timestamp="25 Jul 2019 18:19:43 GMT" time="1.716" errors="0">
  <testcase name="postApiTest" time="1.716" classname="com.qa.test.PostApiTest"/>
</testsuite> <!-- com.qa.test.PostApiTest -->
